
Sample Tests
.F.F.F.FF.F.F...F.F
--------------------------------------------------
19 tests, 9 failed

assert-equal
  should be equal but fail
    expected: 2
    actual:   1

assert-not-equal
  should not be equal but fail
    expected: 1
    actual:   1

assert-false
  should be false but fail
    expected: false
    actual:   true

assert-true
  should be true but fail
    expected: true
    actual:   false
  should not output the item twice (#4)
    expected: true
    actual:   false

assert-empty
  should be empty but fail
    expected: empty
    actual:   [0]

assert-not-empty
  should not be empty but fail
    expected: not empty
    actual:   []

assert-string-contains
  should fail to contain
    expected: containing '4'
    actual:   123

assert-not-string-contains
  should fail to not contain
    expected: not containing '2'
    actual:   123
